{
  "RSpec": {
    "coverage": {
      "/Users/billiam/Documents/ruby/social-playlist/app/models/comment.rb": [
        1,
        1,
        1,
        1,
        null
      ],
      "/Users/billiam/Documents/ruby/social-playlist/app/models/item.rb": [
        1,
        1,
        1,
        1,
        1,
        1,
        1,
        1,
        null,
        1,
        1,
        null,
        1,
        null,
        1,
        0,
        null,
        null,
        1,
        0,
        0,
        0,
        0,
        null,
        null,
        null,
        null,
        null
      ],
      "/Users/billiam/Documents/ruby/social-playlist/app/models/permission.rb": [
        1,
        1,
        1,
        1,
        null
      ],
      "/Users/billiam/Documents/ruby/social-playlist/app/models/playlist.rb": [
        1,
        1,
        1,
        1,
        1,
        1,
        0,
        null,
        1,
        1,
        null,
        null,
        1,
        1,
        1,
        1,
        1,
        null,
        1,
        1,
        1,
        null,
        1,
        1,
        0,
        0,
        0,
        null,
        null,
        null,
        null
      ],
      "/Users/billiam/Documents/ruby/social-playlist/app/models/song.rb": [
        1,
        1,
        null,
        1,
        1,
        1,
        null,
        1,
        null,
        1,
        1,
        0,
        0,
        null,
        null,
        null
      ],
      "/Users/billiam/Documents/ruby/social-playlist/app/models/tag.rb": [
        1,
        1,
        null
      ],
      "/Users/billiam/Documents/ruby/social-playlist/app/models/user.rb": [
        1,
        1,
        1,
        null,
        null,
        1,
        null,
        null,
        null,
        1,
        null,
        null,
        1,
        10,
        null,
        null,
        null
      ],
      "/Users/billiam/Documents/ruby/social-playlist/app/controllers/playlists_controller.rb": [
        1,
        1,
        1,
        1,
        null,
        1,
        11,
        null,
        null,
        1,
        0,
        null,
        null,
        1,
        0,
        0,
        0,
        0,
        0,
        null,
        0,
        0,
        null,
        null,
        null,
        1,
        null,
        null,
        null,
        1,
        0,
        0,
        0,
        null,
        0,
        0,
        null,
        null,
        null,
        1,
        6,
        null,
        null,
        1,
        0,
        0,
        0,
        null,
        null,
        1,
        0,
        null,
        0,
        null,
        null,
        1,
        1,
        6,
        null,
        0,
        0,
        null,
        1,
        0,
        0,
        0,
        null,
        null,
        null
      ],
      "/Users/billiam/Documents/ruby/social-playlist/app/controllers/application_controller.rb": [
        1,
        1,
        null
      ],
      "/Users/billiam/Documents/ruby/social-playlist/app/helpers/application_helper.rb": [
        1,
        null,
        1,
        6,
        6,
        6,
        null,
        null,
        null,
        null,
        1,
        0,
        0,
        0,
        0,
        null,
        null,
        null,
        1,
        28,
        null,
        null,
        1,
        14,
        null,
        null
      ],
      "/Users/billiam/Documents/ruby/social-playlist/app/helpers/comments_helper.rb": [
        1,
        null
      ],
      "/Users/billiam/Documents/ruby/social-playlist/app/helpers/items_helper.rb": [
        1,
        null
      ],
      "/Users/billiam/Documents/ruby/social-playlist/app/helpers/playlists_helper.rb": [
        1,
        null
      ],
      "/Users/billiam/Documents/ruby/social-playlist/app/helpers/songs_helper.rb": [
        1,
        null
      ],
      "/Users/billiam/Documents/ruby/social-playlist/app/helpers/tags_helper.rb": [
        1,
        null
      ],
      "/Users/billiam/Documents/ruby/social-playlist/app/helpers/welcome_helper.rb": [
        1,
        null
      ],
      "/Users/billiam/Documents/ruby/social-playlist/app/controllers/welcome_controller.rb": [
        1,
        1,
        null,
        null
      ]
    },
    "timestamp": 1364406099
  }
}
